CRITICAL - 2025-02-05 00:20:39 --> Undefined variable: header
#0 C:\xampp\htdocs\sistema\app\Views\colaborador\editar.php(1): CodeIgniter\Debug\Exceptions->errorHandler(8, 'Undefined varia...', 'C:\\xampp\\htdocs...', 1, Array)
#1 C:\xampp\htdocs\sistema\system\View\View.php(210): include('C:\\xampp\\htdocs...')
#2 C:\xampp\htdocs\sistema\system\View\View.php(213): CodeIgniter\View\View->CodeIgniter\View\{closure}()
#3 C:\xampp\htdocs\sistema\system\Common.php(1089): CodeIgniter\View\View->render('colaborador/edi...', Array, true)
#4 C:\xampp\htdocs\sistema\app\Controllers\ColaboradorController.php(151): view('colaborador/edi...', Array)
#5 C:\xampp\htdocs\sistema\system\CodeIgniter.php(832): App\Controllers\ColaboradorController->editar('1')
#6 C:\xampp\htdocs\sistema\system\CodeIgniter.php(419): CodeIgniter\CodeIgniter->runController(Object(App\Controllers\ColaboradorController))
#7 C:\xampp\htdocs\sistema\system\CodeIgniter.php(326): CodeIgniter\CodeIgniter->handleRequest(NULL, Object(Config\Cache), false)
#8 C:\xampp\htdocs\sistema\index.php(37): CodeIgniter\CodeIgniter->run()
#9 {main}
CRITICAL - 2025-02-05 00:21:34 --> Undefined variable: colaborador
#0 C:\xampp\htdocs\sistema\app\Views\colaborador\editar.php(5): CodeIgniter\Debug\Exceptions->errorHandler(8, 'Undefined varia...', 'C:\\xampp\\htdocs...', 5, Array)
#1 C:\xampp\htdocs\sistema\system\View\View.php(210): include('C:\\xampp\\htdocs...')
#2 C:\xampp\htdocs\sistema\system\View\View.php(213): CodeIgniter\View\View->CodeIgniter\View\{closure}()
#3 C:\xampp\htdocs\sistema\system\Common.php(1089): CodeIgniter\View\View->render('colaborador/edi...', Array, true)
#4 C:\xampp\htdocs\sistema\app\Controllers\ColaboradorController.php(157): view('colaborador/edi...', Array)
#5 C:\xampp\htdocs\sistema\system\CodeIgniter.php(832): App\Controllers\ColaboradorController->editar('1')
#6 C:\xampp\htdocs\sistema\system\CodeIgniter.php(419): CodeIgniter\CodeIgniter->runController(Object(App\Controllers\ColaboradorController))
#7 C:\xampp\htdocs\sistema\system\CodeIgniter.php(326): CodeIgniter\CodeIgniter->handleRequest(NULL, Object(Config\Cache), false)
#8 C:\xampp\htdocs\sistema\index.php(37): CodeIgniter\CodeIgniter->run()
#9 {main}
CRITICAL - 2025-02-05 00:21:36 --> Undefined variable: colaborador
#0 C:\xampp\htdocs\sistema\app\Views\colaborador\editar.php(5): CodeIgniter\Debug\Exceptions->errorHandler(8, 'Undefined varia...', 'C:\\xampp\\htdocs...', 5, Array)
#1 C:\xampp\htdocs\sistema\system\View\View.php(210): include('C:\\xampp\\htdocs...')
#2 C:\xampp\htdocs\sistema\system\View\View.php(213): CodeIgniter\View\View->CodeIgniter\View\{closure}()
#3 C:\xampp\htdocs\sistema\system\Common.php(1089): CodeIgniter\View\View->render('colaborador/edi...', Array, true)
#4 C:\xampp\htdocs\sistema\app\Controllers\ColaboradorController.php(157): view('colaborador/edi...', Array)
#5 C:\xampp\htdocs\sistema\system\CodeIgniter.php(832): App\Controllers\ColaboradorController->editar('1')
#6 C:\xampp\htdocs\sistema\system\CodeIgniter.php(419): CodeIgniter\CodeIgniter->runController(Object(App\Controllers\ColaboradorController))
#7 C:\xampp\htdocs\sistema\system\CodeIgniter.php(326): CodeIgniter\CodeIgniter->handleRequest(NULL, Object(Config\Cache), false)
#8 C:\xampp\htdocs\sistema\index.php(37): CodeIgniter\CodeIgniter->run()
#9 {main}
