CRITICAL - 2024-11-06 23:48:16 --> The framework needs the following extension(s) installed and loaded: intl.
#0 C:\xampp\htdocs\sistema\system\CodeIgniter.php(219): CodeIgniter\Exceptions\FrameworkException::forMissingExtension('intl')
#1 C:\xampp\htdocs\sistema\system\CodeIgniter.php(177): CodeIgniter\CodeIgniter->resolvePlatformExtensions()
#2 C:\xampp\htdocs\sistema\system\bootstrap.php(146): CodeIgniter\CodeIgniter->initialize()
#3 C:\xampp\htdocs\sistema\public\index.php(28): require('C:\\xampp\\htdocs...')
#4 {main}
CRITICAL - 2024-11-06 23:48:23 --> The framework needs the following extension(s) installed and loaded: intl.
#0 C:\xampp\htdocs\sistema\system\CodeIgniter.php(219): CodeIgniter\Exceptions\FrameworkException::forMissingExtension('intl')
#1 C:\xampp\htdocs\sistema\system\CodeIgniter.php(177): CodeIgniter\CodeIgniter->resolvePlatformExtensions()
#2 C:\xampp\htdocs\sistema\system\bootstrap.php(146): CodeIgniter\CodeIgniter->initialize()
#3 C:\xampp\htdocs\sistema\public\index.php(28): require('C:\\xampp\\htdocs...')
#4 {main}
CRITICAL - 2024-11-06 23:48:29 --> The framework needs the following extension(s) installed and loaded: intl.
#0 C:\xampp\htdocs\sistema\system\CodeIgniter.php(219): CodeIgniter\Exceptions\FrameworkException::forMissingExtension('intl')
#1 C:\xampp\htdocs\sistema\system\CodeIgniter.php(177): CodeIgniter\CodeIgniter->resolvePlatformExtensions()
#2 C:\xampp\htdocs\sistema\system\bootstrap.php(146): CodeIgniter\CodeIgniter->initialize()
#3 C:\xampp\htdocs\sistema\public\index.php(28): require('C:\\xampp\\htdocs...')
#4 {main}
CRITICAL - 2024-11-06 23:56:44 --> The framework needs the following extension(s) installed and loaded: intl.
#0 C:\xampp\htdocs\sistema\system\CodeIgniter.php(219): CodeIgniter\Exceptions\FrameworkException::forMissingExtension('intl')
#1 C:\xampp\htdocs\sistema\system\CodeIgniter.php(177): CodeIgniter\CodeIgniter->resolvePlatformExtensions()
#2 C:\xampp\htdocs\sistema\system\bootstrap.php(146): CodeIgniter\CodeIgniter->initialize()
#3 C:\xampp\htdocs\sistema\public\index.php(28): require('C:\\xampp\\htdocs...')
#4 {main}
CRITICAL - 2024-11-06 23:56:56 --> The framework needs the following extension(s) installed and loaded: intl.
#0 C:\xampp\htdocs\sistema\system\CodeIgniter.php(219): CodeIgniter\Exceptions\FrameworkException::forMissingExtension('intl')
#1 C:\xampp\htdocs\sistema\system\CodeIgniter.php(177): CodeIgniter\CodeIgniter->resolvePlatformExtensions()
#2 C:\xampp\htdocs\sistema\system\bootstrap.php(146): CodeIgniter\CodeIgniter->initialize()
#3 C:\xampp\htdocs\sistema\public\index.php(28): require('C:\\xampp\\htdocs...')
#4 {main}
CRITICAL - 2024-11-06 23:58:13 --> The framework needs the following extension(s) installed and loaded: intl.
#0 C:\xampp\htdocs\sistema\system\CodeIgniter.php(219): CodeIgniter\Exceptions\FrameworkException::forMissingExtension('intl')
#1 C:\xampp\htdocs\sistema\system\CodeIgniter.php(177): CodeIgniter\CodeIgniter->resolvePlatformExtensions()
#2 C:\xampp\htdocs\sistema\system\bootstrap.php(146): CodeIgniter\CodeIgniter->initialize()
#3 C:\xampp\htdocs\sistema\public\index.php(28): require('C:\\xampp\\htdocs...')
#4 {main}
CRITICAL - 2024-11-06 23:58:14 --> The framework needs the following extension(s) installed and loaded: intl.
#0 C:\xampp\htdocs\sistema\system\CodeIgniter.php(219): CodeIgniter\Exceptions\FrameworkException::forMissingExtension('intl')
#1 C:\xampp\htdocs\sistema\system\CodeIgniter.php(177): CodeIgniter\CodeIgniter->resolvePlatformExtensions()
#2 C:\xampp\htdocs\sistema\system\bootstrap.php(146): CodeIgniter\CodeIgniter->initialize()
#3 C:\xampp\htdocs\sistema\public\index.php(28): require('C:\\xampp\\htdocs...')
#4 {main}
CRITICAL - 2024-11-06 23:59:51 --> The framework needs the following extension(s) installed and loaded: intl.
#0 C:\xampp\htdocs\sistema\system\CodeIgniter.php(219): CodeIgniter\Exceptions\FrameworkException::forMissingExtension('intl')
#1 C:\xampp\htdocs\sistema\system\CodeIgniter.php(177): CodeIgniter\CodeIgniter->resolvePlatformExtensions()
#2 C:\xampp\htdocs\sistema\system\bootstrap.php(146): CodeIgniter\CodeIgniter->initialize()
#3 C:\xampp\htdocs\sistema\public\index.php(28): require('C:\\xampp\\htdocs...')
#4 {main}
CRITICAL - 2024-11-06 23:59:52 --> The framework needs the following extension(s) installed and loaded: intl.
#0 C:\xampp\htdocs\sistema\system\CodeIgniter.php(219): CodeIgniter\Exceptions\FrameworkException::forMissingExtension('intl')
#1 C:\xampp\htdocs\sistema\system\CodeIgniter.php(177): CodeIgniter\CodeIgniter->resolvePlatformExtensions()
#2 C:\xampp\htdocs\sistema\system\bootstrap.php(146): CodeIgniter\CodeIgniter->initialize()
#3 C:\xampp\htdocs\sistema\public\index.php(28): require('C:\\xampp\\htdocs...')
#4 {main}
CRITICAL - 2024-11-06 23:59:53 --> The framework needs the following extension(s) installed and loaded: intl.
#0 C:\xampp\htdocs\sistema\system\CodeIgniter.php(219): CodeIgniter\Exceptions\FrameworkException::forMissingExtension('intl')
#1 C:\xampp\htdocs\sistema\system\CodeIgniter.php(177): CodeIgniter\CodeIgniter->resolvePlatformExtensions()
#2 C:\xampp\htdocs\sistema\system\bootstrap.php(146): CodeIgniter\CodeIgniter->initialize()
#3 C:\xampp\htdocs\sistema\public\index.php(28): require('C:\\xampp\\htdocs...')
#4 {main}
CRITICAL - 2024-11-06 23:59:53 --> The framework needs the following extension(s) installed and loaded: intl.
#0 C:\xampp\htdocs\sistema\system\CodeIgniter.php(219): CodeIgniter\Exceptions\FrameworkException::forMissingExtension('intl')
#1 C:\xampp\htdocs\sistema\system\CodeIgniter.php(177): CodeIgniter\CodeIgniter->resolvePlatformExtensions()
#2 C:\xampp\htdocs\sistema\system\bootstrap.php(146): CodeIgniter\CodeIgniter->initialize()
#3 C:\xampp\htdocs\sistema\public\index.php(28): require('C:\\xampp\\htdocs...')
#4 {main}
CRITICAL - 2024-11-06 23:59:53 --> The framework needs the following extension(s) installed and loaded: intl.
#0 C:\xampp\htdocs\sistema\system\CodeIgniter.php(219): CodeIgniter\Exceptions\FrameworkException::forMissingExtension('intl')
#1 C:\xampp\htdocs\sistema\system\CodeIgniter.php(177): CodeIgniter\CodeIgniter->resolvePlatformExtensions()
#2 C:\xampp\htdocs\sistema\system\bootstrap.php(146): CodeIgniter\CodeIgniter->initialize()
#3 C:\xampp\htdocs\sistema\public\index.php(28): require('C:\\xampp\\htdocs...')
#4 {main}
CRITICAL - 2024-11-06 23:59:54 --> The framework needs the following extension(s) installed and loaded: intl.
#0 C:\xampp\htdocs\sistema\system\CodeIgniter.php(219): CodeIgniter\Exceptions\FrameworkException::forMissingExtension('intl')
#1 C:\xampp\htdocs\sistema\system\CodeIgniter.php(177): CodeIgniter\CodeIgniter->resolvePlatformExtensions()
#2 C:\xampp\htdocs\sistema\system\bootstrap.php(146): CodeIgniter\CodeIgniter->initialize()
#3 C:\xampp\htdocs\sistema\public\index.php(28): require('C:\\xampp\\htdocs...')
#4 {main}
CRITICAL - 2024-11-06 23:59:54 --> The framework needs the following extension(s) installed and loaded: intl.
#0 C:\xampp\htdocs\sistema\system\CodeIgniter.php(219): CodeIgniter\Exceptions\FrameworkException::forMissingExtension('intl')
#1 C:\xampp\htdocs\sistema\system\CodeIgniter.php(177): CodeIgniter\CodeIgniter->resolvePlatformExtensions()
#2 C:\xampp\htdocs\sistema\system\bootstrap.php(146): CodeIgniter\CodeIgniter->initialize()
#3 C:\xampp\htdocs\sistema\public\index.php(28): require('C:\\xampp\\htdocs...')
#4 {main}
CRITICAL - 2024-11-06 23:59:54 --> The framework needs the following extension(s) installed and loaded: intl.
#0 C:\xampp\htdocs\sistema\system\CodeIgniter.php(219): CodeIgniter\Exceptions\FrameworkException::forMissingExtension('intl')
#1 C:\xampp\htdocs\sistema\system\CodeIgniter.php(177): CodeIgniter\CodeIgniter->resolvePlatformExtensions()
#2 C:\xampp\htdocs\sistema\system\bootstrap.php(146): CodeIgniter\CodeIgniter->initialize()
#3 C:\xampp\htdocs\sistema\public\index.php(28): require('C:\\xampp\\htdocs...')
#4 {main}
CRITICAL - 2024-11-06 23:59:54 --> The framework needs the following extension(s) installed and loaded: intl.
#0 C:\xampp\htdocs\sistema\system\CodeIgniter.php(219): CodeIgniter\Exceptions\FrameworkException::forMissingExtension('intl')
#1 C:\xampp\htdocs\sistema\system\CodeIgniter.php(177): CodeIgniter\CodeIgniter->resolvePlatformExtensions()
#2 C:\xampp\htdocs\sistema\system\bootstrap.php(146): CodeIgniter\CodeIgniter->initialize()
#3 C:\xampp\htdocs\sistema\public\index.php(28): require('C:\\xampp\\htdocs...')
#4 {main}
CRITICAL - 2024-11-06 23:59:54 --> The framework needs the following extension(s) installed and loaded: intl.
#0 C:\xampp\htdocs\sistema\system\CodeIgniter.php(219): CodeIgniter\Exceptions\FrameworkException::forMissingExtension('intl')
#1 C:\xampp\htdocs\sistema\system\CodeIgniter.php(177): CodeIgniter\CodeIgniter->resolvePlatformExtensions()
#2 C:\xampp\htdocs\sistema\system\bootstrap.php(146): CodeIgniter\CodeIgniter->initialize()
#3 C:\xampp\htdocs\sistema\public\index.php(28): require('C:\\xampp\\htdocs...')
#4 {main}
CRITICAL - 2024-11-06 23:59:55 --> The framework needs the following extension(s) installed and loaded: intl.
#0 C:\xampp\htdocs\sistema\system\CodeIgniter.php(219): CodeIgniter\Exceptions\FrameworkException::forMissingExtension('intl')
#1 C:\xampp\htdocs\sistema\system\CodeIgniter.php(177): CodeIgniter\CodeIgniter->resolvePlatformExtensions()
#2 C:\xampp\htdocs\sistema\system\bootstrap.php(146): CodeIgniter\CodeIgniter->initialize()
#3 C:\xampp\htdocs\sistema\public\index.php(28): require('C:\\xampp\\htdocs...')
#4 {main}
CRITICAL - 2024-11-06 23:59:55 --> The framework needs the following extension(s) installed and loaded: intl.
#0 C:\xampp\htdocs\sistema\system\CodeIgniter.php(219): CodeIgniter\Exceptions\FrameworkException::forMissingExtension('intl')
#1 C:\xampp\htdocs\sistema\system\CodeIgniter.php(177): CodeIgniter\CodeIgniter->resolvePlatformExtensions()
#2 C:\xampp\htdocs\sistema\system\bootstrap.php(146): CodeIgniter\CodeIgniter->initialize()
#3 C:\xampp\htdocs\sistema\public\index.php(28): require('C:\\xampp\\htdocs...')
#4 {main}
CRITICAL - 2024-11-06 23:59:55 --> The framework needs the following extension(s) installed and loaded: intl.
#0 C:\xampp\htdocs\sistema\system\CodeIgniter.php(219): CodeIgniter\Exceptions\FrameworkException::forMissingExtension('intl')
#1 C:\xampp\htdocs\sistema\system\CodeIgniter.php(177): CodeIgniter\CodeIgniter->resolvePlatformExtensions()
#2 C:\xampp\htdocs\sistema\system\bootstrap.php(146): CodeIgniter\CodeIgniter->initialize()
#3 C:\xampp\htdocs\sistema\public\index.php(28): require('C:\\xampp\\htdocs...')
#4 {main}
CRITICAL - 2024-11-06 23:59:55 --> The framework needs the following extension(s) installed and loaded: intl.
#0 C:\xampp\htdocs\sistema\system\CodeIgniter.php(219): CodeIgniter\Exceptions\FrameworkException::forMissingExtension('intl')
#1 C:\xampp\htdocs\sistema\system\CodeIgniter.php(177): CodeIgniter\CodeIgniter->resolvePlatformExtensions()
#2 C:\xampp\htdocs\sistema\system\bootstrap.php(146): CodeIgniter\CodeIgniter->initialize()
#3 C:\xampp\htdocs\sistema\public\index.php(28): require('C:\\xampp\\htdocs...')
#4 {main}
CRITICAL - 2024-11-06 23:59:55 --> The framework needs the following extension(s) installed and loaded: intl.
#0 C:\xampp\htdocs\sistema\system\CodeIgniter.php(219): CodeIgniter\Exceptions\FrameworkException::forMissingExtension('intl')
#1 C:\xampp\htdocs\sistema\system\CodeIgniter.php(177): CodeIgniter\CodeIgniter->resolvePlatformExtensions()
#2 C:\xampp\htdocs\sistema\system\bootstrap.php(146): CodeIgniter\CodeIgniter->initialize()
#3 C:\xampp\htdocs\sistema\public\index.php(28): require('C:\\xampp\\htdocs...')
#4 {main}
CRITICAL - 2024-11-06 23:59:55 --> The framework needs the following extension(s) installed and loaded: intl.
#0 C:\xampp\htdocs\sistema\system\CodeIgniter.php(219): CodeIgniter\Exceptions\FrameworkException::forMissingExtension('intl')
#1 C:\xampp\htdocs\sistema\system\CodeIgniter.php(177): CodeIgniter\CodeIgniter->resolvePlatformExtensions()
#2 C:\xampp\htdocs\sistema\system\bootstrap.php(146): CodeIgniter\CodeIgniter->initialize()
#3 C:\xampp\htdocs\sistema\public\index.php(28): require('C:\\xampp\\htdocs...')
#4 {main}
CRITICAL - 2024-11-06 23:59:56 --> The framework needs the following extension(s) installed and loaded: intl.
#0 C:\xampp\htdocs\sistema\system\CodeIgniter.php(219): CodeIgniter\Exceptions\FrameworkException::forMissingExtension('intl')
#1 C:\xampp\htdocs\sistema\system\CodeIgniter.php(177): CodeIgniter\CodeIgniter->resolvePlatformExtensions()
#2 C:\xampp\htdocs\sistema\system\bootstrap.php(146): CodeIgniter\CodeIgniter->initialize()
#3 C:\xampp\htdocs\sistema\public\index.php(28): require('C:\\xampp\\htdocs...')
#4 {main}
CRITICAL - 2024-11-06 23:59:56 --> The framework needs the following extension(s) installed and loaded: intl.
#0 C:\xampp\htdocs\sistema\system\CodeIgniter.php(219): CodeIgniter\Exceptions\FrameworkException::forMissingExtension('intl')
#1 C:\xampp\htdocs\sistema\system\CodeIgniter.php(177): CodeIgniter\CodeIgniter->resolvePlatformExtensions()
#2 C:\xampp\htdocs\sistema\system\bootstrap.php(146): CodeIgniter\CodeIgniter->initialize()
#3 C:\xampp\htdocs\sistema\public\index.php(28): require('C:\\xampp\\htdocs...')
#4 {main}
CRITICAL - 2024-11-06 23:59:57 --> The framework needs the following extension(s) installed and loaded: intl.
#0 C:\xampp\htdocs\sistema\system\CodeIgniter.php(219): CodeIgniter\Exceptions\FrameworkException::forMissingExtension('intl')
#1 C:\xampp\htdocs\sistema\system\CodeIgniter.php(177): CodeIgniter\CodeIgniter->resolvePlatformExtensions()
#2 C:\xampp\htdocs\sistema\system\bootstrap.php(146): CodeIgniter\CodeIgniter->initialize()
#3 C:\xampp\htdocs\sistema\public\index.php(28): require('C:\\xampp\\htdocs...')
#4 {main}
CRITICAL - 2024-11-06 23:59:57 --> The framework needs the following extension(s) installed and loaded: intl.
#0 C:\xampp\htdocs\sistema\system\CodeIgniter.php(219): CodeIgniter\Exceptions\FrameworkException::forMissingExtension('intl')
#1 C:\xampp\htdocs\sistema\system\CodeIgniter.php(177): CodeIgniter\CodeIgniter->resolvePlatformExtensions()
#2 C:\xampp\htdocs\sistema\system\bootstrap.php(146): CodeIgniter\CodeIgniter->initialize()
#3 C:\xampp\htdocs\sistema\public\index.php(28): require('C:\\xampp\\htdocs...')
#4 {main}
CRITICAL - 2024-11-06 23:59:57 --> The framework needs the following extension(s) installed and loaded: intl.
#0 C:\xampp\htdocs\sistema\system\CodeIgniter.php(219): CodeIgniter\Exceptions\FrameworkException::forMissingExtension('intl')
#1 C:\xampp\htdocs\sistema\system\CodeIgniter.php(177): CodeIgniter\CodeIgniter->resolvePlatformExtensions()
#2 C:\xampp\htdocs\sistema\system\bootstrap.php(146): CodeIgniter\CodeIgniter->initialize()
#3 C:\xampp\htdocs\sistema\public\index.php(28): require('C:\\xampp\\htdocs...')
#4 {main}
CRITICAL - 2024-11-06 23:59:57 --> The framework needs the following extension(s) installed and loaded: intl.
#0 C:\xampp\htdocs\sistema\system\CodeIgniter.php(219): CodeIgniter\Exceptions\FrameworkException::forMissingExtension('intl')
#1 C:\xampp\htdocs\sistema\system\CodeIgniter.php(177): CodeIgniter\CodeIgniter->resolvePlatformExtensions()
#2 C:\xampp\htdocs\sistema\system\bootstrap.php(146): CodeIgniter\CodeIgniter->initialize()
#3 C:\xampp\htdocs\sistema\public\index.php(28): require('C:\\xampp\\htdocs...')
#4 {main}
CRITICAL - 2024-11-06 23:59:57 --> The framework needs the following extension(s) installed and loaded: intl.
#0 C:\xampp\htdocs\sistema\system\CodeIgniter.php(219): CodeIgniter\Exceptions\FrameworkException::forMissingExtension('intl')
#1 C:\xampp\htdocs\sistema\system\CodeIgniter.php(177): CodeIgniter\CodeIgniter->resolvePlatformExtensions()
#2 C:\xampp\htdocs\sistema\system\bootstrap.php(146): CodeIgniter\CodeIgniter->initialize()
#3 C:\xampp\htdocs\sistema\public\index.php(28): require('C:\\xampp\\htdocs...')
#4 {main}
CRITICAL - 2024-11-06 23:59:57 --> The framework needs the following extension(s) installed and loaded: intl.
#0 C:\xampp\htdocs\sistema\system\CodeIgniter.php(219): CodeIgniter\Exceptions\FrameworkException::forMissingExtension('intl')
#1 C:\xampp\htdocs\sistema\system\CodeIgniter.php(177): CodeIgniter\CodeIgniter->resolvePlatformExtensions()
#2 C:\xampp\htdocs\sistema\system\bootstrap.php(146): CodeIgniter\CodeIgniter->initialize()
#3 C:\xampp\htdocs\sistema\public\index.php(28): require('C:\\xampp\\htdocs...')
#4 {main}
