ERROR - 2025-02-09 03:00:40 --> Table 'sistema_usuarios.ccp_ubigeo' doesn't exist
CRITICAL - 2025-02-09 03:00:40 --> Table 'sistema_usuarios.ccp_ubigeo' doesn't exist
#0 C:\xampp\htdocs\sistema\system\Database\MySQLi\Connection.php(292): mysqli->query('SELECT `codigo_...', 0)
#1 C:\xampp\htdocs\sistema\system\Database\BaseConnection.php(670): CodeIgniter\Database\MySQLi\Connection->execute('SELECT `codigo_...')
#2 C:\xampp\htdocs\sistema\system\Database\BaseConnection.php(598): CodeIgniter\Database\BaseConnection->simpleQuery('SELECT `codigo_...')
#3 C:\xampp\htdocs\sistema\system\Database\BaseBuilder.php(1455): CodeIgniter\Database\BaseConnection->query('SELECT `codigo_...', Array, false)
#4 C:\xampp\htdocs\sistema\app\Models\FuncionModel.php(46): CodeIgniter\Database\BaseBuilder->get()
#5 C:\xampp\htdocs\sistema\app\Controllers\BaseController.php(101): App\Models\FuncionModel->obtenerDepartamentos()
#6 C:\xampp\htdocs\sistema\app\Controllers\ColaboradorController.php(74): App\Controllers\BaseController->obtenerDepartamentos()
#7 C:\xampp\htdocs\sistema\system\CodeIgniter.php(832): App\Controllers\ColaboradorController->registrar()
#8 C:\xampp\htdocs\sistema\system\CodeIgniter.php(419): CodeIgniter\CodeIgniter->runController(Object(App\Controllers\ColaboradorController))
#9 C:\xampp\htdocs\sistema\system\CodeIgniter.php(326): CodeIgniter\CodeIgniter->handleRequest(NULL, Object(Config\Cache), false)
#10 C:\xampp\htdocs\sistema\index.php(37): CodeIgniter\CodeIgniter->run()
#11 {main}
CRITICAL - 2025-02-09 03:16:39 --> Undefined index: id
#0 C:\xampp\htdocs\sistema\app\Views\colaborador\registrar.php(65): CodeIgniter\Debug\Exceptions->errorHandler(8, 'Undefined index...', 'C:\\xampp\\htdocs...', 65, Array)
#1 C:\xampp\htdocs\sistema\system\View\View.php(210): include('C:\\xampp\\htdocs...')
#2 C:\xampp\htdocs\sistema\system\View\View.php(213): CodeIgniter\View\View->CodeIgniter\View\{closure}()
#3 C:\xampp\htdocs\sistema\system\Common.php(1089): CodeIgniter\View\View->render('colaborador/reg...', Array, true)
#4 C:\xampp\htdocs\sistema\app\Controllers\ColaboradorController.php(83): view('colaborador/reg...', Array)
#5 C:\xampp\htdocs\sistema\system\CodeIgniter.php(832): App\Controllers\ColaboradorController->registrar()
#6 C:\xampp\htdocs\sistema\system\CodeIgniter.php(419): CodeIgniter\CodeIgniter->runController(Object(App\Controllers\ColaboradorController))
#7 C:\xampp\htdocs\sistema\system\CodeIgniter.php(326): CodeIgniter\CodeIgniter->handleRequest(NULL, Object(Config\Cache), false)
#8 C:\xampp\htdocs\sistema\index.php(37): CodeIgniter\CodeIgniter->run()
#9 {main}
CRITICAL - 2025-02-09 03:25:43 --> Array to string conversion
#0 C:\xampp\htdocs\sistema\app\Views\colaborador\registrar.php(60): CodeIgniter\Debug\Exceptions->errorHandler(8, 'Array to string...', 'C:\\xampp\\htdocs...', 60, Array)
#1 C:\xampp\htdocs\sistema\system\View\View.php(210): include('C:\\xampp\\htdocs...')
#2 C:\xampp\htdocs\sistema\system\View\View.php(213): CodeIgniter\View\View->CodeIgniter\View\{closure}()
#3 C:\xampp\htdocs\sistema\system\Common.php(1089): CodeIgniter\View\View->render('colaborador/reg...', Array, true)
#4 C:\xampp\htdocs\sistema\app\Controllers\ColaboradorController.php(83): view('colaborador/reg...', Array)
#5 C:\xampp\htdocs\sistema\system\CodeIgniter.php(832): App\Controllers\ColaboradorController->registrar()
#6 C:\xampp\htdocs\sistema\system\CodeIgniter.php(419): CodeIgniter\CodeIgniter->runController(Object(App\Controllers\ColaboradorController))
#7 C:\xampp\htdocs\sistema\system\CodeIgniter.php(326): CodeIgniter\CodeIgniter->handleRequest(NULL, Object(Config\Cache), false)
#8 C:\xampp\htdocs\sistema\index.php(37): CodeIgniter\CodeIgniter->run()
#9 {main}
CRITICAL - 2025-02-09 03:29:11 --> syntax error, unexpected end of file, expecting elseif (T_ELSEIF) or else (T_ELSE) or endif (T_ENDIF)
#0 C:\xampp\htdocs\sistema\system\View\View.php(213): CodeIgniter\View\View->CodeIgniter\View\{closure}()
#1 C:\xampp\htdocs\sistema\system\Common.php(1089): CodeIgniter\View\View->render('colaborador/reg...', Array, true)
#2 C:\xampp\htdocs\sistema\app\Controllers\ColaboradorController.php(82): view('colaborador/reg...', Array)
#3 C:\xampp\htdocs\sistema\system\CodeIgniter.php(832): App\Controllers\ColaboradorController->registrar()
#4 C:\xampp\htdocs\sistema\system\CodeIgniter.php(419): CodeIgniter\CodeIgniter->runController(Object(App\Controllers\ColaboradorController))
#5 C:\xampp\htdocs\sistema\system\CodeIgniter.php(326): CodeIgniter\CodeIgniter->handleRequest(NULL, Object(Config\Cache), false)
#6 C:\xampp\htdocs\sistema\index.php(37): CodeIgniter\CodeIgniter->run()
#7 {main}
CRITICAL - 2025-02-09 03:42:41 --> Invalid argument supplied for foreach()
#0 C:\xampp\htdocs\sistema\app\Views\colaborador\registrar.php(65): CodeIgniter\Debug\Exceptions->errorHandler(2, 'Invalid argumen...', 'C:\\xampp\\htdocs...', 65, Array)
#1 C:\xampp\htdocs\sistema\system\View\View.php(210): include('C:\\xampp\\htdocs...')
#2 C:\xampp\htdocs\sistema\system\View\View.php(213): CodeIgniter\View\View->CodeIgniter\View\{closure}()
#3 C:\xampp\htdocs\sistema\system\Common.php(1089): CodeIgniter\View\View->render('colaborador/reg...', Array, true)
#4 C:\xampp\htdocs\sistema\app\Controllers\ColaboradorController.php(83): view('colaborador/reg...', Array)
#5 C:\xampp\htdocs\sistema\system\CodeIgniter.php(832): App\Controllers\ColaboradorController->registrar()
#6 C:\xampp\htdocs\sistema\system\CodeIgniter.php(419): CodeIgniter\CodeIgniter->runController(Object(App\Controllers\ColaboradorController))
#7 C:\xampp\htdocs\sistema\system\CodeIgniter.php(326): CodeIgniter\CodeIgniter->handleRequest(NULL, Object(Config\Cache), false)
#8 C:\xampp\htdocs\sistema\index.php(37): CodeIgniter\CodeIgniter->run()
#9 {main}
CRITICAL - 2025-02-09 03:43:30 --> syntax error, unexpected ']', expecting ')'
#0 C:\xampp\htdocs\sistema\system\Autoloader\Autoloader.php(241): CodeIgniter\Autoloader\Autoloader->includeFile('C:\\xampp\\htdocs...')
#1 C:\xampp\htdocs\sistema\system\Autoloader\Autoloader.php(219): CodeIgniter\Autoloader\Autoloader->loadInNamespace('App\\Controllers...')
#2 [internal function]: CodeIgniter\Autoloader\Autoloader->loadClass('App\\Controllers...')
#3 [internal function]: spl_autoload_call('App\\Controllers...')
#4 C:\xampp\htdocs\sistema\system\CodeIgniter.php(797): class_exists('\\App\\Controller...', true)
#5 C:\xampp\htdocs\sistema\system\CodeIgniter.php(406): CodeIgniter\CodeIgniter->startController()
#6 C:\xampp\htdocs\sistema\system\CodeIgniter.php(326): CodeIgniter\CodeIgniter->handleRequest(NULL, Object(Config\Cache), false)
#7 C:\xampp\htdocs\sistema\index.php(37): CodeIgniter\CodeIgniter->run()
#8 {main}
CRITICAL - 2025-02-09 03:44:04 --> Invalid argument supplied for foreach()
#0 C:\xampp\htdocs\sistema\app\Views\colaborador\registrar.php(65): CodeIgniter\Debug\Exceptions->errorHandler(2, 'Invalid argumen...', 'C:\\xampp\\htdocs...', 65, Array)
#1 C:\xampp\htdocs\sistema\system\View\View.php(210): include('C:\\xampp\\htdocs...')
#2 C:\xampp\htdocs\sistema\system\View\View.php(213): CodeIgniter\View\View->CodeIgniter\View\{closure}()
#3 C:\xampp\htdocs\sistema\system\Common.php(1089): CodeIgniter\View\View->render('colaborador/reg...', Array, true)
#4 C:\xampp\htdocs\sistema\app\Controllers\ColaboradorController.php(83): view('colaborador/reg...', Array)
#5 C:\xampp\htdocs\sistema\system\CodeIgniter.php(832): App\Controllers\ColaboradorController->registrar()
#6 C:\xampp\htdocs\sistema\system\CodeIgniter.php(419): CodeIgniter\CodeIgniter->runController(Object(App\Controllers\ColaboradorController))
#7 C:\xampp\htdocs\sistema\system\CodeIgniter.php(326): CodeIgniter\CodeIgniter->handleRequest(NULL, Object(Config\Cache), false)
#8 C:\xampp\htdocs\sistema\index.php(37): CodeIgniter\CodeIgniter->run()
#9 {main}
CRITICAL - 2025-02-09 03:46:40 --> syntax error, unexpected ']', expecting ')'
#0 C:\xampp\htdocs\sistema\system\Autoloader\Autoloader.php(241): CodeIgniter\Autoloader\Autoloader->includeFile('C:\\xampp\\htdocs...')
#1 C:\xampp\htdocs\sistema\system\Autoloader\Autoloader.php(219): CodeIgniter\Autoloader\Autoloader->loadInNamespace('App\\Controllers...')
#2 [internal function]: CodeIgniter\Autoloader\Autoloader->loadClass('App\\Controllers...')
#3 [internal function]: spl_autoload_call('App\\Controllers...')
#4 C:\xampp\htdocs\sistema\system\CodeIgniter.php(797): class_exists('\\App\\Controller...', true)
#5 C:\xampp\htdocs\sistema\system\CodeIgniter.php(406): CodeIgniter\CodeIgniter->startController()
#6 C:\xampp\htdocs\sistema\system\CodeIgniter.php(326): CodeIgniter\CodeIgniter->handleRequest(NULL, Object(Config\Cache), false)
#7 C:\xampp\htdocs\sistema\index.php(37): CodeIgniter\CodeIgniter->run()
#8 {main}
CRITICAL - 2025-02-09 03:54:08 --> Undefined property: App\Controllers\ColaboradorController::$departamentos
#0 C:\xampp\htdocs\sistema\app\Controllers\ColaboradorController.php(73): CodeIgniter\Debug\Exceptions->errorHandler(8, 'Undefined prope...', 'C:\\xampp\\htdocs...', 73, Array)
#1 C:\xampp\htdocs\sistema\system\CodeIgniter.php(832): App\Controllers\ColaboradorController->registrar()
#2 C:\xampp\htdocs\sistema\system\CodeIgniter.php(419): CodeIgniter\CodeIgniter->runController(Object(App\Controllers\ColaboradorController))
#3 C:\xampp\htdocs\sistema\system\CodeIgniter.php(326): CodeIgniter\CodeIgniter->handleRequest(NULL, Object(Config\Cache), false)
#4 C:\xampp\htdocs\sistema\index.php(37): CodeIgniter\CodeIgniter->run()
#5 {main}
CRITICAL - 2025-02-09 03:54:12 --> Undefined property: App\Controllers\ColaboradorController::$departamentos
#0 C:\xampp\htdocs\sistema\app\Controllers\ColaboradorController.php(73): CodeIgniter\Debug\Exceptions->errorHandler(8, 'Undefined prope...', 'C:\\xampp\\htdocs...', 73, Array)
#1 C:\xampp\htdocs\sistema\system\CodeIgniter.php(832): App\Controllers\ColaboradorController->registrar()
#2 C:\xampp\htdocs\sistema\system\CodeIgniter.php(419): CodeIgniter\CodeIgniter->runController(Object(App\Controllers\ColaboradorController))
#3 C:\xampp\htdocs\sistema\system\CodeIgniter.php(326): CodeIgniter\CodeIgniter->handleRequest(NULL, Object(Config\Cache), false)
#4 C:\xampp\htdocs\sistema\index.php(37): CodeIgniter\CodeIgniter->run()
#5 {main}
CRITICAL - 2025-02-09 04:25:24 --> Call to undefined method App\Controllers\ColaboradorController::obtenerDepartamentos()
#0 C:\xampp\htdocs\sistema\system\CodeIgniter.php(832): App\Controllers\ColaboradorController->registrar()
#1 C:\xampp\htdocs\sistema\system\CodeIgniter.php(419): CodeIgniter\CodeIgniter->runController(Object(App\Controllers\ColaboradorController))
#2 C:\xampp\htdocs\sistema\system\CodeIgniter.php(326): CodeIgniter\CodeIgniter->handleRequest(NULL, Object(Config\Cache), false)
#3 C:\xampp\htdocs\sistema\index.php(37): CodeIgniter\CodeIgniter->run()
#4 {main}
CRITICAL - 2025-02-09 04:26:14 --> Class 'App\Controllers\FuncionModel' not found
#0 C:\xampp\htdocs\sistema\system\CodeIgniter.php(832): App\Controllers\ColaboradorController->registrar()
#1 C:\xampp\htdocs\sistema\system\CodeIgniter.php(419): CodeIgniter\CodeIgniter->runController(Object(App\Controllers\ColaboradorController))
#2 C:\xampp\htdocs\sistema\system\CodeIgniter.php(326): CodeIgniter\CodeIgniter->handleRequest(NULL, Object(Config\Cache), false)
#3 C:\xampp\htdocs\sistema\index.php(37): CodeIgniter\CodeIgniter->run()
#4 {main}
CRITICAL - 2025-02-09 19:29:12 --> Undefined variable: departamentos
#0 C:\xampp\htdocs\sistema\app\Views\colaborador\editar.php(73): CodeIgniter\Debug\Exceptions->errorHandler(8, 'Undefined varia...', 'C:\\xampp\\htdocs...', 73, Array)
#1 C:\xampp\htdocs\sistema\system\View\View.php(210): include('C:\\xampp\\htdocs...')
#2 C:\xampp\htdocs\sistema\system\View\View.php(213): CodeIgniter\View\View->CodeIgniter\View\{closure}()
#3 C:\xampp\htdocs\sistema\system\Common.php(1089): CodeIgniter\View\View->render('colaborador/edi...', Array, true)
#4 C:\xampp\htdocs\sistema\app\Controllers\ColaboradorController.php(194): view('colaborador/edi...', Array)
#5 C:\xampp\htdocs\sistema\system\CodeIgniter.php(832): App\Controllers\ColaboradorController->editar('27')
#6 C:\xampp\htdocs\sistema\system\CodeIgniter.php(419): CodeIgniter\CodeIgniter->runController(Object(App\Controllers\ColaboradorController))
#7 C:\xampp\htdocs\sistema\system\CodeIgniter.php(326): CodeIgniter\CodeIgniter->handleRequest(NULL, Object(Config\Cache), false)
#8 C:\xampp\htdocs\sistema\index.php(37): CodeIgniter\CodeIgniter->run()
#9 {main}
CRITICAL - 2025-02-09 19:31:56 --> Cannot redeclare App\Controllers\ColaboradorController::editar()
#0 [internal function]: CodeIgniter\Debug\Exceptions->shutdownHandler()
#1 {main}
CRITICAL - 2025-02-09 19:32:10 --> Cannot redeclare App\Controllers\ColaboradorController::editar()
#0 [internal function]: CodeIgniter\Debug\Exceptions->shutdownHandler()
#1 {main}
CRITICAL - 2025-02-09 19:32:27 --> Undefined index: departamento
#0 C:\xampp\htdocs\sistema\app\Views\colaborador\editar.php(75): CodeIgniter\Debug\Exceptions->errorHandler(8, 'Undefined index...', 'C:\\xampp\\htdocs...', 75, Array)
#1 C:\xampp\htdocs\sistema\system\View\View.php(210): include('C:\\xampp\\htdocs...')
#2 C:\xampp\htdocs\sistema\system\View\View.php(213): CodeIgniter\View\View->CodeIgniter\View\{closure}()
#3 C:\xampp\htdocs\sistema\system\Common.php(1089): CodeIgniter\View\View->render('colaborador/edi...', Array, true)
#4 C:\xampp\htdocs\sistema\app\Controllers\ColaboradorController.php(211): view('colaborador/edi...', Array)
#5 C:\xampp\htdocs\sistema\system\CodeIgniter.php(832): App\Controllers\ColaboradorController->editar('27')
#6 C:\xampp\htdocs\sistema\system\CodeIgniter.php(419): CodeIgniter\CodeIgniter->runController(Object(App\Controllers\ColaboradorController))
#7 C:\xampp\htdocs\sistema\system\CodeIgniter.php(326): CodeIgniter\CodeIgniter->handleRequest(NULL, Object(Config\Cache), false)
#8 C:\xampp\htdocs\sistema\index.php(37): CodeIgniter\CodeIgniter->run()
#9 {main}
CRITICAL - 2025-02-09 19:36:19 --> Undefined index: departamento
#0 C:\xampp\htdocs\sistema\app\Views\colaborador\editar.php(75): CodeIgniter\Debug\Exceptions->errorHandler(8, 'Undefined index...', 'C:\\xampp\\htdocs...', 75, Array)
#1 C:\xampp\htdocs\sistema\system\View\View.php(210): include('C:\\xampp\\htdocs...')
#2 C:\xampp\htdocs\sistema\system\View\View.php(213): CodeIgniter\View\View->CodeIgniter\View\{closure}()
#3 C:\xampp\htdocs\sistema\system\Common.php(1089): CodeIgniter\View\View->render('colaborador/edi...', Array, true)
#4 C:\xampp\htdocs\sistema\app\Controllers\ColaboradorController.php(212): view('colaborador/edi...', Array)
#5 C:\xampp\htdocs\sistema\system\CodeIgniter.php(832): App\Controllers\ColaboradorController->editar('27')
#6 C:\xampp\htdocs\sistema\system\CodeIgniter.php(419): CodeIgniter\CodeIgniter->runController(Object(App\Controllers\ColaboradorController))
#7 C:\xampp\htdocs\sistema\system\CodeIgniter.php(326): CodeIgniter\CodeIgniter->handleRequest(NULL, Object(Config\Cache), false)
#8 C:\xampp\htdocs\sistema\index.php(37): CodeIgniter\CodeIgniter->run()
#9 {main}
CRITICAL - 2025-02-09 19:36:20 --> Undefined index: departamento
#0 C:\xampp\htdocs\sistema\app\Views\colaborador\editar.php(75): CodeIgniter\Debug\Exceptions->errorHandler(8, 'Undefined index...', 'C:\\xampp\\htdocs...', 75, Array)
#1 C:\xampp\htdocs\sistema\system\View\View.php(210): include('C:\\xampp\\htdocs...')
#2 C:\xampp\htdocs\sistema\system\View\View.php(213): CodeIgniter\View\View->CodeIgniter\View\{closure}()
#3 C:\xampp\htdocs\sistema\system\Common.php(1089): CodeIgniter\View\View->render('colaborador/edi...', Array, true)
#4 C:\xampp\htdocs\sistema\app\Controllers\ColaboradorController.php(212): view('colaborador/edi...', Array)
#5 C:\xampp\htdocs\sistema\system\CodeIgniter.php(832): App\Controllers\ColaboradorController->editar('27')
#6 C:\xampp\htdocs\sistema\system\CodeIgniter.php(419): CodeIgniter\CodeIgniter->runController(Object(App\Controllers\ColaboradorController))
#7 C:\xampp\htdocs\sistema\system\CodeIgniter.php(326): CodeIgniter\CodeIgniter->handleRequest(NULL, Object(Config\Cache), false)
#8 C:\xampp\htdocs\sistema\index.php(37): CodeIgniter\CodeIgniter->run()
#9 {main}
CRITICAL - 2025-02-09 19:38:04 --> Undefined index: departamento
#0 C:\xampp\htdocs\sistema\app\Views\colaborador\editar.php(75): CodeIgniter\Debug\Exceptions->errorHandler(8, 'Undefined index...', 'C:\\xampp\\htdocs...', 75, Array)
#1 C:\xampp\htdocs\sistema\system\View\View.php(210): include('C:\\xampp\\htdocs...')
#2 C:\xampp\htdocs\sistema\system\View\View.php(213): CodeIgniter\View\View->CodeIgniter\View\{closure}()
#3 C:\xampp\htdocs\sistema\system\Common.php(1089): CodeIgniter\View\View->render('colaborador/edi...', Array, true)
#4 C:\xampp\htdocs\sistema\app\Controllers\ColaboradorController.php(212): view('colaborador/edi...', Array)
#5 C:\xampp\htdocs\sistema\system\CodeIgniter.php(832): App\Controllers\ColaboradorController->editar('27')
#6 C:\xampp\htdocs\sistema\system\CodeIgniter.php(419): CodeIgniter\CodeIgniter->runController(Object(App\Controllers\ColaboradorController))
#7 C:\xampp\htdocs\sistema\system\CodeIgniter.php(326): CodeIgniter\CodeIgniter->handleRequest(NULL, Object(Config\Cache), false)
#8 C:\xampp\htdocs\sistema\index.php(37): CodeIgniter\CodeIgniter->run()
#9 {main}
CRITICAL - 2025-02-09 19:38:05 --> Undefined index: departamento
#0 C:\xampp\htdocs\sistema\app\Views\colaborador\editar.php(75): CodeIgniter\Debug\Exceptions->errorHandler(8, 'Undefined index...', 'C:\\xampp\\htdocs...', 75, Array)
#1 C:\xampp\htdocs\sistema\system\View\View.php(210): include('C:\\xampp\\htdocs...')
#2 C:\xampp\htdocs\sistema\system\View\View.php(213): CodeIgniter\View\View->CodeIgniter\View\{closure}()
#3 C:\xampp\htdocs\sistema\system\Common.php(1089): CodeIgniter\View\View->render('colaborador/edi...', Array, true)
#4 C:\xampp\htdocs\sistema\app\Controllers\ColaboradorController.php(212): view('colaborador/edi...', Array)
#5 C:\xampp\htdocs\sistema\system\CodeIgniter.php(832): App\Controllers\ColaboradorController->editar('27')
#6 C:\xampp\htdocs\sistema\system\CodeIgniter.php(419): CodeIgniter\CodeIgniter->runController(Object(App\Controllers\ColaboradorController))
#7 C:\xampp\htdocs\sistema\system\CodeIgniter.php(326): CodeIgniter\CodeIgniter->handleRequest(NULL, Object(Config\Cache), false)
#8 C:\xampp\htdocs\sistema\index.php(37): CodeIgniter\CodeIgniter->run()
#9 {main}
