ERROR - 2024-11-21 10:12:36 --> You have an error in your SQL syntax; check the manual that corresponds to your MariaDB server version for the right syntax to use near '= '/colaborador/%'
 )
AND `ccp_menu`.`estado` = 1' at line 8
CRITICAL - 2024-11-21 10:12:36 --> You have an error in your SQL syntax; check the manual that corresponds to your MariaDB server version for the right syntax to use near '= '/colaborador/%'
 )
AND `ccp_menu`.`estado` = 1' at line 8
#0 C:\xampp\htdocs\sistema\system\Database\MySQLi\Connection.php(292): mysqli->query('SELECT `ccp_men...', 0)
#1 C:\xampp\htdocs\sistema\system\Database\BaseConnection.php(670): CodeIgniter\Database\MySQLi\Connection->execute('SELECT `ccp_men...')
#2 C:\xampp\htdocs\sistema\system\Database\BaseConnection.php(598): CodeIgniter\Database\BaseConnection->simpleQuery('SELECT `ccp_men...')
#3 C:\xampp\htdocs\sistema\system\Database\BaseBuilder.php(1455): CodeIgniter\Database\BaseConnection->query('SELECT `ccp_men...', Array, false)
#4 C:\xampp\htdocs\sistema\app\Models\MenuModel.php(83): CodeIgniter\Database\BaseBuilder->get()
#5 C:\xampp\htdocs\sistema\app\Filters\PermissionFilter.php(34): App\Models\MenuModel->verificarPermisoRuta(Array, 'colaborador')
#6 C:\xampp\htdocs\sistema\system\Filters\Filters.php(173): App\Filters\PermissionFilter->before(Object(CodeIgniter\HTTP\IncomingRequest), NULL)
#7 C:\xampp\htdocs\sistema\system\CodeIgniter.php(393): CodeIgniter\Filters\Filters->run('colaborador', 'before')
#8 C:\xampp\htdocs\sistema\system\CodeIgniter.php(326): CodeIgniter\CodeIgniter->handleRequest(NULL, Object(Config\Cache), false)
#9 C:\xampp\htdocs\sistema\index.php(37): CodeIgniter\CodeIgniter->run()
#10 {main}
ERROR - 2024-11-21 10:14:03 --> You have an error in your SQL syntax; check the manual that corresponds to your MariaDB server version for the right syntax to use near '= '/colaborador%'
 )
AND `ccp_menu`.`estado` = 1' at line 8
CRITICAL - 2024-11-21 10:14:03 --> You have an error in your SQL syntax; check the manual that corresponds to your MariaDB server version for the right syntax to use near '= '/colaborador%'
 )
AND `ccp_menu`.`estado` = 1' at line 8
#0 C:\xampp\htdocs\sistema\system\Database\MySQLi\Connection.php(292): mysqli->query('SELECT `ccp_men...', 0)
#1 C:\xampp\htdocs\sistema\system\Database\BaseConnection.php(670): CodeIgniter\Database\MySQLi\Connection->execute('SELECT `ccp_men...')
#2 C:\xampp\htdocs\sistema\system\Database\BaseConnection.php(598): CodeIgniter\Database\BaseConnection->simpleQuery('SELECT `ccp_men...')
#3 C:\xampp\htdocs\sistema\system\Database\BaseBuilder.php(1455): CodeIgniter\Database\BaseConnection->query('SELECT `ccp_men...', Array, false)
#4 C:\xampp\htdocs\sistema\app\Models\MenuModel.php(83): CodeIgniter\Database\BaseBuilder->get()
#5 C:\xampp\htdocs\sistema\app\Filters\PermissionFilter.php(34): App\Models\MenuModel->verificarPermisoRuta(Array, 'colaborador')
#6 C:\xampp\htdocs\sistema\system\Filters\Filters.php(173): App\Filters\PermissionFilter->before(Object(CodeIgniter\HTTP\IncomingRequest), NULL)
#7 C:\xampp\htdocs\sistema\system\CodeIgniter.php(393): CodeIgniter\Filters\Filters->run('colaborador', 'before')
#8 C:\xampp\htdocs\sistema\system\CodeIgniter.php(326): CodeIgniter\CodeIgniter->handleRequest(NULL, Object(Config\Cache), false)
#9 C:\xampp\htdocs\sistema\index.php(37): CodeIgniter\CodeIgniter->run()
#10 {main}
ERROR - 2024-11-21 10:14:05 --> You have an error in your SQL syntax; check the manual that corresponds to your MariaDB server version for the right syntax to use near '= '/colaborador%'
 )
AND `ccp_menu`.`estado` = 1' at line 8
CRITICAL - 2024-11-21 10:14:05 --> You have an error in your SQL syntax; check the manual that corresponds to your MariaDB server version for the right syntax to use near '= '/colaborador%'
 )
AND `ccp_menu`.`estado` = 1' at line 8
#0 C:\xampp\htdocs\sistema\system\Database\MySQLi\Connection.php(292): mysqli->query('SELECT `ccp_men...', 0)
#1 C:\xampp\htdocs\sistema\system\Database\BaseConnection.php(670): CodeIgniter\Database\MySQLi\Connection->execute('SELECT `ccp_men...')
#2 C:\xampp\htdocs\sistema\system\Database\BaseConnection.php(598): CodeIgniter\Database\BaseConnection->simpleQuery('SELECT `ccp_men...')
#3 C:\xampp\htdocs\sistema\system\Database\BaseBuilder.php(1455): CodeIgniter\Database\BaseConnection->query('SELECT `ccp_men...', Array, false)
#4 C:\xampp\htdocs\sistema\app\Models\MenuModel.php(83): CodeIgniter\Database\BaseBuilder->get()
#5 C:\xampp\htdocs\sistema\app\Filters\PermissionFilter.php(34): App\Models\MenuModel->verificarPermisoRuta(Array, 'colaborador')
#6 C:\xampp\htdocs\sistema\system\Filters\Filters.php(173): App\Filters\PermissionFilter->before(Object(CodeIgniter\HTTP\IncomingRequest), NULL)
#7 C:\xampp\htdocs\sistema\system\CodeIgniter.php(393): CodeIgniter\Filters\Filters->run('colaborador', 'before')
#8 C:\xampp\htdocs\sistema\system\CodeIgniter.php(326): CodeIgniter\CodeIgniter->handleRequest(NULL, Object(Config\Cache), false)
#9 C:\xampp\htdocs\sistema\index.php(37): CodeIgniter\CodeIgniter->run()
#10 {main}
ERROR - 2024-11-21 10:14:05 --> You have an error in your SQL syntax; check the manual that corresponds to your MariaDB server version for the right syntax to use near '= '/colaborador%'
 )
AND `ccp_menu`.`estado` = 1' at line 8
CRITICAL - 2024-11-21 10:14:05 --> You have an error in your SQL syntax; check the manual that corresponds to your MariaDB server version for the right syntax to use near '= '/colaborador%'
 )
AND `ccp_menu`.`estado` = 1' at line 8
#0 C:\xampp\htdocs\sistema\system\Database\MySQLi\Connection.php(292): mysqli->query('SELECT `ccp_men...', 0)
#1 C:\xampp\htdocs\sistema\system\Database\BaseConnection.php(670): CodeIgniter\Database\MySQLi\Connection->execute('SELECT `ccp_men...')
#2 C:\xampp\htdocs\sistema\system\Database\BaseConnection.php(598): CodeIgniter\Database\BaseConnection->simpleQuery('SELECT `ccp_men...')
#3 C:\xampp\htdocs\sistema\system\Database\BaseBuilder.php(1455): CodeIgniter\Database\BaseConnection->query('SELECT `ccp_men...', Array, false)
#4 C:\xampp\htdocs\sistema\app\Models\MenuModel.php(83): CodeIgniter\Database\BaseBuilder->get()
#5 C:\xampp\htdocs\sistema\app\Filters\PermissionFilter.php(34): App\Models\MenuModel->verificarPermisoRuta(Array, 'colaborador')
#6 C:\xampp\htdocs\sistema\system\Filters\Filters.php(173): App\Filters\PermissionFilter->before(Object(CodeIgniter\HTTP\IncomingRequest), NULL)
#7 C:\xampp\htdocs\sistema\system\CodeIgniter.php(393): CodeIgniter\Filters\Filters->run('colaborador', 'before')
#8 C:\xampp\htdocs\sistema\system\CodeIgniter.php(326): CodeIgniter\CodeIgniter->handleRequest(NULL, Object(Config\Cache), false)
#9 C:\xampp\htdocs\sistema\index.php(37): CodeIgniter\CodeIgniter->run()
#10 {main}
ERROR - 2024-11-21 10:15:37 --> You have an error in your SQL syntax; check the manual that corresponds to your MariaDB server version for the right syntax to use near '= '/colaborador/%'
 )
AND `ccp_menu`.`estado` = 1' at line 8
CRITICAL - 2024-11-21 10:15:37 --> You have an error in your SQL syntax; check the manual that corresponds to your MariaDB server version for the right syntax to use near '= '/colaborador/%'
 )
AND `ccp_menu`.`estado` = 1' at line 8
#0 C:\xampp\htdocs\sistema\system\Database\MySQLi\Connection.php(292): mysqli->query('SELECT `ccp_men...', 0)
#1 C:\xampp\htdocs\sistema\system\Database\BaseConnection.php(670): CodeIgniter\Database\MySQLi\Connection->execute('SELECT `ccp_men...')
#2 C:\xampp\htdocs\sistema\system\Database\BaseConnection.php(598): CodeIgniter\Database\BaseConnection->simpleQuery('SELECT `ccp_men...')
#3 C:\xampp\htdocs\sistema\system\Database\BaseBuilder.php(1455): CodeIgniter\Database\BaseConnection->query('SELECT `ccp_men...', Array, false)
#4 C:\xampp\htdocs\sistema\app\Models\MenuModel.php(83): CodeIgniter\Database\BaseBuilder->get()
#5 C:\xampp\htdocs\sistema\app\Filters\PermissionFilter.php(34): App\Models\MenuModel->verificarPermisoRuta(Array, 'colaborador')
#6 C:\xampp\htdocs\sistema\system\Filters\Filters.php(173): App\Filters\PermissionFilter->before(Object(CodeIgniter\HTTP\IncomingRequest), NULL)
#7 C:\xampp\htdocs\sistema\system\CodeIgniter.php(393): CodeIgniter\Filters\Filters->run('colaborador', 'before')
#8 C:\xampp\htdocs\sistema\system\CodeIgniter.php(326): CodeIgniter\CodeIgniter->handleRequest(NULL, Object(Config\Cache), false)
#9 C:\xampp\htdocs\sistema\index.php(37): CodeIgniter\CodeIgniter->run()
#10 {main}
ERROR - 2024-11-21 10:15:38 --> You have an error in your SQL syntax; check the manual that corresponds to your MariaDB server version for the right syntax to use near '= '/colaborador/%'
 )
AND `ccp_menu`.`estado` = 1' at line 8
CRITICAL - 2024-11-21 10:15:38 --> You have an error in your SQL syntax; check the manual that corresponds to your MariaDB server version for the right syntax to use near '= '/colaborador/%'
 )
AND `ccp_menu`.`estado` = 1' at line 8
#0 C:\xampp\htdocs\sistema\system\Database\MySQLi\Connection.php(292): mysqli->query('SELECT `ccp_men...', 0)
#1 C:\xampp\htdocs\sistema\system\Database\BaseConnection.php(670): CodeIgniter\Database\MySQLi\Connection->execute('SELECT `ccp_men...')
#2 C:\xampp\htdocs\sistema\system\Database\BaseConnection.php(598): CodeIgniter\Database\BaseConnection->simpleQuery('SELECT `ccp_men...')
#3 C:\xampp\htdocs\sistema\system\Database\BaseBuilder.php(1455): CodeIgniter\Database\BaseConnection->query('SELECT `ccp_men...', Array, false)
#4 C:\xampp\htdocs\sistema\app\Models\MenuModel.php(83): CodeIgniter\Database\BaseBuilder->get()
#5 C:\xampp\htdocs\sistema\app\Filters\PermissionFilter.php(34): App\Models\MenuModel->verificarPermisoRuta(Array, 'colaborador')
#6 C:\xampp\htdocs\sistema\system\Filters\Filters.php(173): App\Filters\PermissionFilter->before(Object(CodeIgniter\HTTP\IncomingRequest), NULL)
#7 C:\xampp\htdocs\sistema\system\CodeIgniter.php(393): CodeIgniter\Filters\Filters->run('colaborador', 'before')
#8 C:\xampp\htdocs\sistema\system\CodeIgniter.php(326): CodeIgniter\CodeIgniter->handleRequest(NULL, Object(Config\Cache), false)
#9 C:\xampp\htdocs\sistema\index.php(37): CodeIgniter\CodeIgniter->run()
#10 {main}
CRITICAL - 2024-11-21 10:16:39 --> syntax error, unexpected '->' (T_OBJECT_OPERATOR)
#0 C:\xampp\htdocs\sistema\system\Autoloader\Autoloader.php(241): CodeIgniter\Autoloader\Autoloader->includeFile('C:\\xampp\\htdocs...')
#1 C:\xampp\htdocs\sistema\system\Autoloader\Autoloader.php(219): CodeIgniter\Autoloader\Autoloader->loadInNamespace('App\\Models\\Menu...')
#2 [internal function]: CodeIgniter\Autoloader\Autoloader->loadClass('App\\Models\\Menu...')
#3 C:\xampp\htdocs\sistema\app\Filters\PermissionFilter.php(31): spl_autoload_call('App\\Models\\Menu...')
#4 C:\xampp\htdocs\sistema\system\Filters\Filters.php(173): App\Filters\PermissionFilter->before(Object(CodeIgniter\HTTP\IncomingRequest), NULL)
#5 C:\xampp\htdocs\sistema\system\CodeIgniter.php(393): CodeIgniter\Filters\Filters->run('colaborador', 'before')
#6 C:\xampp\htdocs\sistema\system\CodeIgniter.php(326): CodeIgniter\CodeIgniter->handleRequest(NULL, Object(Config\Cache), false)
#7 C:\xampp\htdocs\sistema\index.php(37): CodeIgniter\CodeIgniter->run()
#8 {main}
CRITICAL - 2024-11-21 10:16:52 --> syntax error, unexpected ','
#0 C:\xampp\htdocs\sistema\system\Autoloader\Autoloader.php(241): CodeIgniter\Autoloader\Autoloader->includeFile('C:\\xampp\\htdocs...')
#1 C:\xampp\htdocs\sistema\system\Autoloader\Autoloader.php(219): CodeIgniter\Autoloader\Autoloader->loadInNamespace('App\\Models\\Menu...')
#2 [internal function]: CodeIgniter\Autoloader\Autoloader->loadClass('App\\Models\\Menu...')
#3 C:\xampp\htdocs\sistema\app\Filters\PermissionFilter.php(31): spl_autoload_call('App\\Models\\Menu...')
#4 C:\xampp\htdocs\sistema\system\Filters\Filters.php(173): App\Filters\PermissionFilter->before(Object(CodeIgniter\HTTP\IncomingRequest), NULL)
#5 C:\xampp\htdocs\sistema\system\CodeIgniter.php(393): CodeIgniter\Filters\Filters->run('colaborador', 'before')
#6 C:\xampp\htdocs\sistema\system\CodeIgniter.php(326): CodeIgniter\CodeIgniter->handleRequest(NULL, Object(Config\Cache), false)
#7 C:\xampp\htdocs\sistema\index.php(37): CodeIgniter\CodeIgniter->run()
#8 {main}
ERROR - 2024-11-21 10:16:58 --> You have an error in your SQL syntax; check the manual that corresponds to your MariaDB server version for the right syntax to use near '= '/colaborador/%'
 )
AND `ccp_menu`.`estado` = 1' at line 8
CRITICAL - 2024-11-21 10:16:58 --> You have an error in your SQL syntax; check the manual that corresponds to your MariaDB server version for the right syntax to use near '= '/colaborador/%'
 )
AND `ccp_menu`.`estado` = 1' at line 8
#0 C:\xampp\htdocs\sistema\system\Database\MySQLi\Connection.php(292): mysqli->query('SELECT `ccp_men...', 0)
#1 C:\xampp\htdocs\sistema\system\Database\BaseConnection.php(670): CodeIgniter\Database\MySQLi\Connection->execute('SELECT `ccp_men...')
#2 C:\xampp\htdocs\sistema\system\Database\BaseConnection.php(598): CodeIgniter\Database\BaseConnection->simpleQuery('SELECT `ccp_men...')
#3 C:\xampp\htdocs\sistema\system\Database\BaseBuilder.php(1455): CodeIgniter\Database\BaseConnection->query('SELECT `ccp_men...', Array, false)
#4 C:\xampp\htdocs\sistema\app\Models\MenuModel.php(83): CodeIgniter\Database\BaseBuilder->get()
#5 C:\xampp\htdocs\sistema\app\Filters\PermissionFilter.php(34): App\Models\MenuModel->verificarPermisoRuta(Array, 'colaborador')
#6 C:\xampp\htdocs\sistema\system\Filters\Filters.php(173): App\Filters\PermissionFilter->before(Object(CodeIgniter\HTTP\IncomingRequest), NULL)
#7 C:\xampp\htdocs\sistema\system\CodeIgniter.php(393): CodeIgniter\Filters\Filters->run('colaborador', 'before')
#8 C:\xampp\htdocs\sistema\system\CodeIgniter.php(326): CodeIgniter\CodeIgniter->handleRequest(NULL, Object(Config\Cache), false)
#9 C:\xampp\htdocs\sistema\index.php(37): CodeIgniter\CodeIgniter->run()
#10 {main}
ERROR - 2024-11-21 10:18:06 --> You have an error in your SQL syntax; check the manual that corresponds to your MariaDB server version for the right syntax to use near '= '/colaborador/%%%'
 )
AND `ccp_menu`.`estado` = 1' at line 8
CRITICAL - 2024-11-21 10:18:06 --> You have an error in your SQL syntax; check the manual that corresponds to your MariaDB server version for the right syntax to use near '= '/colaborador/%%%'
 )
AND `ccp_menu`.`estado` = 1' at line 8
#0 C:\xampp\htdocs\sistema\system\Database\MySQLi\Connection.php(292): mysqli->query('SELECT `ccp_men...', 0)
#1 C:\xampp\htdocs\sistema\system\Database\BaseConnection.php(670): CodeIgniter\Database\MySQLi\Connection->execute('SELECT `ccp_men...')
#2 C:\xampp\htdocs\sistema\system\Database\BaseConnection.php(598): CodeIgniter\Database\BaseConnection->simpleQuery('SELECT `ccp_men...')
#3 C:\xampp\htdocs\sistema\system\Database\BaseBuilder.php(1455): CodeIgniter\Database\BaseConnection->query('SELECT `ccp_men...', Array, false)
#4 C:\xampp\htdocs\sistema\app\Models\MenuModel.php(83): CodeIgniter\Database\BaseBuilder->get()
#5 C:\xampp\htdocs\sistema\app\Filters\PermissionFilter.php(34): App\Models\MenuModel->verificarPermisoRuta(Array, 'colaborador')
#6 C:\xampp\htdocs\sistema\system\Filters\Filters.php(173): App\Filters\PermissionFilter->before(Object(CodeIgniter\HTTP\IncomingRequest), NULL)
#7 C:\xampp\htdocs\sistema\system\CodeIgniter.php(393): CodeIgniter\Filters\Filters->run('colaborador', 'before')
#8 C:\xampp\htdocs\sistema\system\CodeIgniter.php(326): CodeIgniter\CodeIgniter->handleRequest(NULL, Object(Config\Cache), false)
#9 C:\xampp\htdocs\sistema\index.php(37): CodeIgniter\CodeIgniter->run()
#10 {main}
ERROR - 2024-11-21 10:18:13 --> You have an error in your SQL syntax; check the manual that corresponds to your MariaDB server version for the right syntax to use near '= '/colaborador/'
 )
AND `ccp_menu`.`estado` = 1' at line 8
CRITICAL - 2024-11-21 10:18:13 --> You have an error in your SQL syntax; check the manual that corresponds to your MariaDB server version for the right syntax to use near '= '/colaborador/'
 )
AND `ccp_menu`.`estado` = 1' at line 8
#0 C:\xampp\htdocs\sistema\system\Database\MySQLi\Connection.php(292): mysqli->query('SELECT `ccp_men...', 0)
#1 C:\xampp\htdocs\sistema\system\Database\BaseConnection.php(670): CodeIgniter\Database\MySQLi\Connection->execute('SELECT `ccp_men...')
#2 C:\xampp\htdocs\sistema\system\Database\BaseConnection.php(598): CodeIgniter\Database\BaseConnection->simpleQuery('SELECT `ccp_men...')
#3 C:\xampp\htdocs\sistema\system\Database\BaseBuilder.php(1455): CodeIgniter\Database\BaseConnection->query('SELECT `ccp_men...', Array, false)
#4 C:\xampp\htdocs\sistema\app\Models\MenuModel.php(83): CodeIgniter\Database\BaseBuilder->get()
#5 C:\xampp\htdocs\sistema\app\Filters\PermissionFilter.php(34): App\Models\MenuModel->verificarPermisoRuta(Array, 'colaborador')
#6 C:\xampp\htdocs\sistema\system\Filters\Filters.php(173): App\Filters\PermissionFilter->before(Object(CodeIgniter\HTTP\IncomingRequest), NULL)
#7 C:\xampp\htdocs\sistema\system\CodeIgniter.php(393): CodeIgniter\Filters\Filters->run('colaborador', 'before')
#8 C:\xampp\htdocs\sistema\system\CodeIgniter.php(326): CodeIgniter\CodeIgniter->handleRequest(NULL, Object(Config\Cache), false)
#9 C:\xampp\htdocs\sistema\index.php(37): CodeIgniter\CodeIgniter->run()
#10 {main}
ERROR - 2024-11-21 10:18:22 --> You have an error in your SQL syntax; check the manual that corresponds to your MariaDB server version for the right syntax to use near '= '/colaborador'
 )
AND `ccp_menu`.`estado` = 1' at line 8
CRITICAL - 2024-11-21 10:18:22 --> You have an error in your SQL syntax; check the manual that corresponds to your MariaDB server version for the right syntax to use near '= '/colaborador'
 )
AND `ccp_menu`.`estado` = 1' at line 8
#0 C:\xampp\htdocs\sistema\system\Database\MySQLi\Connection.php(292): mysqli->query('SELECT `ccp_men...', 0)
#1 C:\xampp\htdocs\sistema\system\Database\BaseConnection.php(670): CodeIgniter\Database\MySQLi\Connection->execute('SELECT `ccp_men...')
#2 C:\xampp\htdocs\sistema\system\Database\BaseConnection.php(598): CodeIgniter\Database\BaseConnection->simpleQuery('SELECT `ccp_men...')
#3 C:\xampp\htdocs\sistema\system\Database\BaseBuilder.php(1455): CodeIgniter\Database\BaseConnection->query('SELECT `ccp_men...', Array, false)
#4 C:\xampp\htdocs\sistema\app\Models\MenuModel.php(83): CodeIgniter\Database\BaseBuilder->get()
#5 C:\xampp\htdocs\sistema\app\Filters\PermissionFilter.php(34): App\Models\MenuModel->verificarPermisoRuta(Array, 'colaborador')
#6 C:\xampp\htdocs\sistema\system\Filters\Filters.php(173): App\Filters\PermissionFilter->before(Object(CodeIgniter\HTTP\IncomingRequest), NULL)
#7 C:\xampp\htdocs\sistema\system\CodeIgniter.php(393): CodeIgniter\Filters\Filters->run('colaborador', 'before')
#8 C:\xampp\htdocs\sistema\system\CodeIgniter.php(326): CodeIgniter\CodeIgniter->handleRequest(NULL, Object(Config\Cache), false)
#9 C:\xampp\htdocs\sistema\index.php(37): CodeIgniter\CodeIgniter->run()
#10 {main}
ERROR - 2024-11-21 10:18:43 --> You have an error in your SQL syntax; check the manual that corresponds to your MariaDB server version for the right syntax to use near '= '//%'
 )
AND `ccp_menu`.`estado` = 1' at line 8
CRITICAL - 2024-11-21 10:18:43 --> You have an error in your SQL syntax; check the manual that corresponds to your MariaDB server version for the right syntax to use near '= '//%'
 )
AND `ccp_menu`.`estado` = 1' at line 8
#0 C:\xampp\htdocs\sistema\system\Database\MySQLi\Connection.php(292): mysqli->query('SELECT `ccp_men...', 0)
#1 C:\xampp\htdocs\sistema\system\Database\BaseConnection.php(670): CodeIgniter\Database\MySQLi\Connection->execute('SELECT `ccp_men...')
#2 C:\xampp\htdocs\sistema\system\Database\BaseConnection.php(598): CodeIgniter\Database\BaseConnection->simpleQuery('SELECT `ccp_men...')
#3 C:\xampp\htdocs\sistema\system\Database\BaseBuilder.php(1455): CodeIgniter\Database\BaseConnection->query('SELECT `ccp_men...', Array, false)
#4 C:\xampp\htdocs\sistema\app\Models\MenuModel.php(83): CodeIgniter\Database\BaseBuilder->get()
#5 C:\xampp\htdocs\sistema\app\Filters\PermissionFilter.php(34): App\Models\MenuModel->verificarPermisoRuta(Array, 'colaborador')
#6 C:\xampp\htdocs\sistema\system\Filters\Filters.php(173): App\Filters\PermissionFilter->before(Object(CodeIgniter\HTTP\IncomingRequest), NULL)
#7 C:\xampp\htdocs\sistema\system\CodeIgniter.php(393): CodeIgniter\Filters\Filters->run('colaborador', 'before')
#8 C:\xampp\htdocs\sistema\system\CodeIgniter.php(326): CodeIgniter\CodeIgniter->handleRequest(NULL, Object(Config\Cache), false)
#9 C:\xampp\htdocs\sistema\index.php(37): CodeIgniter\CodeIgniter->run()
#10 {main}
ERROR - 2024-11-21 10:19:59 --> You have an error in your SQL syntax; check the manual that corresponds to your MariaDB server version for the right syntax to use near '= '/colaborador/%'
 )
AND `ccp_menu`.`estado` = 1' at line 8
CRITICAL - 2024-11-21 10:19:59 --> You have an error in your SQL syntax; check the manual that corresponds to your MariaDB server version for the right syntax to use near '= '/colaborador/%'
 )
AND `ccp_menu`.`estado` = 1' at line 8
#0 C:\xampp\htdocs\sistema\system\Database\MySQLi\Connection.php(292): mysqli->query('SELECT `ccp_men...', 0)
#1 C:\xampp\htdocs\sistema\system\Database\BaseConnection.php(670): CodeIgniter\Database\MySQLi\Connection->execute('SELECT `ccp_men...')
#2 C:\xampp\htdocs\sistema\system\Database\BaseConnection.php(598): CodeIgniter\Database\BaseConnection->simpleQuery('SELECT `ccp_men...')
#3 C:\xampp\htdocs\sistema\system\Database\BaseBuilder.php(1455): CodeIgniter\Database\BaseConnection->query('SELECT `ccp_men...', Array, false)
#4 C:\xampp\htdocs\sistema\app\Models\MenuModel.php(83): CodeIgniter\Database\BaseBuilder->get()
#5 C:\xampp\htdocs\sistema\app\Filters\PermissionFilter.php(34): App\Models\MenuModel->verificarPermisoRuta(Array, 'colaborador')
#6 C:\xampp\htdocs\sistema\system\Filters\Filters.php(173): App\Filters\PermissionFilter->before(Object(CodeIgniter\HTTP\IncomingRequest), NULL)
#7 C:\xampp\htdocs\sistema\system\CodeIgniter.php(393): CodeIgniter\Filters\Filters->run('colaborador', 'before')
#8 C:\xampp\htdocs\sistema\system\CodeIgniter.php(326): CodeIgniter\CodeIgniter->handleRequest(NULL, Object(Config\Cache), false)
#9 C:\xampp\htdocs\sistema\index.php(37): CodeIgniter\CodeIgniter->run()
#10 {main}
